<?xml version="1.0" encoding="UTF-8"?>
<testsuites>
  <testsuite name="/Users/carlo/Documents/test/laravel-schedule-control/phpunit.xml" tests="2" assertions="1" errors="1" failures="0" skipped="0" time="0.102443">
    <testsuite name="Unit" tests="1" assertions="1" errors="0" failures="0" skipped="0" time="0.090877">
      <testsuite name="P\Tests\Unit\ExampleTest" file="/Users/carlo/Documents/test/laravel-schedule-control/vendor/pestphp/pest/src/Factories/TestCaseFactory.php(196) : eval()'d code" tests="1" assertions="1" errors="0" failures="0" skipped="0" time="0.090877">
        <testcase name="__pest_evaluable_it_can_test" file="/Users/carlo/Documents/test/laravel-schedule-control/vendor/pestphp/pest/src/Factories/TestCaseFactory.php(196) : eval()'d code" line="22" class="P\Tests\Unit\ExampleTest" classname="P.Tests.Unit.ExampleTest" assertions="1" time="0.090877"/>
      </testsuite>
    </testsuite>
    <testsuite name="Feature" tests="1" assertions="0" errors="1" failures="0" skipped="0" time="0.011566">
      <testsuite name="P\Tests\Feature\ExampleTest" file="/Users/carlo/Documents/test/laravel-schedule-control/vendor/pestphp/pest/src/Factories/TestCaseFactory.php(196) : eval()'d code" tests="1" assertions="0" errors="1" failures="0" skipped="0" time="0.011566">
        <testcase name="__pest_evaluable_confirm_environment_is_set_to_testing" file="/Users/carlo/Documents/test/laravel-schedule-control/vendor/pestphp/pest/src/Factories/TestCaseFactory.php(196) : eval()'d code" line="22" class="P\Tests\Feature\ExampleTest" classname="P.Tests.Feature.ExampleTest" assertions="0" time="0.011566">
          <error type="ErrorException">P\Tests\Feature\ExampleTest::__pest_evaluable_confirm_environment_is_set_to_testing
ErrorException: Cannot bind an instance to a static closure

/Users/carlo/Documents/test/laravel-schedule-control/vendor/laravel/framework/src/Illuminate/Foundation/Bootstrap/HandleExceptions.php:254</error>
        </testcase>
      </testsuite>
    </testsuite>
  </testsuite>
</testsuites>
